2025-01-29 19:59:33,110 - __main__ - INFO - Rooms displayed successfully.
2025-01-29 19:59:36,022 - __main__ - INFO - Rooms displayed successfully.
2025-01-29 20:01:53,308 - __main__ - INFO - Room added: 401, Type: suite, Price: 5000.0
2025-01-29 20:02:07,533 - __main__ - WARNING - No reservations found in database.
2025-01-29 20:02:14,587 - __main__ - INFO - Rooms displayed successfully.
2025-01-29 20:05:34,595 - __main__ - INFO - Admin exited the CLI panel.
2025-01-30 11:10:30,864 - __main__ - INFO - Room added: 3, Type: suite, Price: 5000.0
2025-01-30 11:11:39,332 - __main__ - INFO - Rooms displayed successfully.
2025-01-30 11:11:56,068 - __main__ - INFO - Reservations displayed successfully.
2025-01-30 11:13:28,415 - __main__ - INFO - Room deleted: 6
2025-01-30 11:14:19,516 - __main__ - INFO - Room deleted: 5
2025-01-30 11:14:26,968 - __main__ - INFO - Admin exited the CLI panel.
2025-01-30 11:19:18,743 - cli.admin_cli - INFO - Room added: 5, Type: 5, Price: 3.0
2025-01-30 11:19:21,311 - cli.admin_cli - INFO - Admin exited the CLI panel.
2025-01-30 13:39:21,689 - cli.admin_cli - INFO - Room added: 2, Type: 5, Price: 5.0
2025-01-30 13:39:38,157 - cli.admin_cli - INFO - Admin exited the CLI panel.
2025-01-30 19:54:19,632 - cli.admin_cli - INFO - Rooms displayed successfully.
2025-01-30 19:58:14,261 - cli.admin_cli - INFO - Admin exited the CLI panel.
2025-01-31 17:45:41,461 - __main__ - WARNING - Failed login attempt for username: beryl.
2025-01-31 17:45:41,461 - __main__ - WARNING - Admin access denied due to failed login.
2025-01-31 17:48:00,375 - __main__ - WARNING - Failed login attempt for username: admin.
2025-01-31 17:48:00,375 - __main__ - WARNING - Admin access denied due to failed login.
2025-01-31 17:48:55,817 - __main__ - WARNING - Failed login attempt for username: admin.
2025-01-31 17:48:55,817 - __main__ - WARNING - Admin access denied due to failed login.
2025-01-31 18:07:15,812 - __main__ - WARNING - Failed login attempt for username: admin.
2025-01-31 18:07:15,812 - __main__ - WARNING - Admin access denied due to failed login.
2025-01-31 18:21:07,852 - __main__ - WARNING - Failed login attempt for username: admin.
2025-01-31 18:21:07,852 - __main__ - WARNING - Admin access denied due to failed login.
2025-01-31 18:21:20,593 - __main__ - INFO - Admin admin logged in successfully.
2025-01-31 18:39:56,553 - __main__ - WARNING - Failed login attempt for username: admon.
2025-01-31 18:39:56,553 - __main__ - WARNING - Admin access denied due to failed login.
2025-01-31 18:40:11,648 - __main__ - INFO - Admin admin logged in successfully.
2025-01-31 18:41:45,636 - __main__ - INFO - Room added: 402, Type: standard, Price: 3000.0
2025-01-31 18:42:05,993 - __main__ - INFO - Rooms displayed successfully.
2025-01-31 18:43:15,262 - __main__ - WARNING - No reservations found in database.
2025-01-31 19:17:10,960 - __main__ - WARNING - Failed login attempt for username: admin.
2025-01-31 19:17:10,960 - __main__ - WARNING - Admin access denied due to failed login.
2025-01-31 19:17:44,313 - __main__ - WARNING - Failed login attempt for username: admin.
2025-01-31 19:17:44,313 - __main__ - WARNING - Admin access denied due to failed login.
2025-01-31 19:18:02,490 - __main__ - WARNING - Failed login attempt for username: admin.
2025-01-31 19:18:02,490 - __main__ - WARNING - Admin access denied due to failed login.
2025-01-31 19:24:55,742 - __main__ - INFO - Admin admin logged in successfully.
2025-01-31 19:25:02,362 - __main__ - WARNING - No reservations found in database.
2025-01-31 19:55:02,678 - __main__ - INFO - Admin exited the CLI panel.
2025-01-31 19:55:15,408 - __main__ - INFO - Admin admin logged in successfully.
2025-01-31 19:55:28,057 - __main__ - WARNING - No reservations found in database.
2025-01-31 20:01:09,448 - __main__ - INFO - Admin admin logged in successfully.
2025-01-31 20:01:25,648 - __main__ - INFO - Room deleted: 2
2025-01-31 20:01:32,685 - __main__ - INFO - Rooms displayed successfully.
2025-01-31 20:04:08,288 - __main__ - INFO - Room deleted: 301
2025-01-31 20:04:18,831 - __main__ - INFO - Rooms displayed successfully.
2025-01-31 20:17:40,968 - __main__ - INFO - Admin admin logged in successfully.
2025-01-31 20:18:00,162 - __main__ - INFO - Room 302 deleted successfully from database.
2025-01-31 22:35:31,786 - __main__ - WARNING - Invalid menu choice entered.
2025-02-02 16:16:11,708 - __main__ - WARNING - Failed login attempt for username: beryl.
2025-02-02 16:16:11,708 - __main__ - WARNING - Admin access denied due to failed login.
2025-02-02 16:16:36,826 - __main__ - WARNING - Failed login attempt for username: beryl.
2025-02-02 16:16:36,826 - __main__ - WARNING - Admin access denied due to failed login.
2025-02-02 16:19:47,556 - __main__ - WARNING - Failed login attempt for username: beryl.
2025-02-02 16:19:47,556 - __main__ - WARNING - Admin access denied due to failed login.
2025-02-02 16:22:41,205 - __main__ - WARNING - Failed login attempt for username: leimila.
2025-02-02 16:22:41,205 - __main__ - WARNING - Admin access denied due to failed login.
2025-02-02 16:27:12,695 - __main__ - INFO - Admin admin logged in successfully.
2025-02-02 16:27:19,761 - __main__ - WARNING - No reservations found in database.
2025-02-02 16:31:11,080 - __main__ - INFO - Admin exited the CLI panel.
2025-02-02 20:50:23,219 - __main__ - INFO - Admin admin logged in successfully.
2025-02-02 20:50:27,036 - __main__ - WARNING - No reservations found in database.
2025-02-02 21:14:55,094 - __main__ - INFO - Admin admin logged in successfully.
2025-02-02 21:15:36,714 - __main__ - ERROR - Failed to add room: 
2025-02-02 21:15:43,432 - __main__ - INFO - Admin exited the CLI panel.
2025-02-02 21:16:03,494 - __main__ - INFO - Admin admin logged in successfully.
2025-02-02 21:16:06,268 - __main__ - WARNING - No reservations found in database.
2025-02-02 21:29:51,505 - __main__ - INFO - Admin exited the CLI panel.
2025-02-02 21:32:46,701 - __main__ - INFO - Admin admin logged in successfully.
2025-02-02 21:32:49,601 - __main__ - WARNING - No reservations found in database.
2025-02-02 21:35:00,137 - __main__ - INFO - Admin exited the CLI panel.
2025-02-02 21:35:14,222 - __main__ - INFO - Admin admin logged in successfully.
2025-02-02 21:35:17,582 - __main__ - WARNING - No reservations found in database.
2025-02-02 21:38:26,127 - __main__ - INFO - Admin exited the CLI panel.
2025-02-02 21:38:38,241 - __main__ - INFO - Admin admin logged in successfully.
2025-02-02 21:38:40,840 - __main__ - WARNING - No reservations found in database.
2025-02-02 21:41:07,364 - __main__ - INFO - Admin exited the CLI panel.
2025-02-02 21:41:19,981 - __main__ - INFO - Admin admin logged in successfully.
2025-02-02 21:41:23,138 - __main__ - WARNING - No reservations found in database.
2025-02-02 21:41:47,963 - __main__ - INFO - Rooms displayed successfully.
2025-02-02 21:43:50,142 - __main__ - INFO - Admin exited the CLI panel.
2025-02-02 21:44:20,332 - __main__ - INFO - Admin admin logged in successfully.
2025-02-02 21:44:22,765 - __main__ - WARNING - No reservations found in database.
2025-02-02 21:44:33,259 - __main__ - INFO - Rooms displayed successfully.
2025-02-02 23:02:14,190 - __main__ - INFO - Admin admin logged in successfully.
2025-02-02 23:03:41,423 - __main__ - INFO - Room added: 402 , Type: Suite, Price: 5000.0
2025-02-02 23:04:08,663 - __main__ - INFO - Rooms displayed successfully.
2025-02-02 23:05:14,005 - __main__ - INFO - Room 402 deleted successfully from database.
2025-02-02 23:05:19,501 - __main__ - INFO - Rooms displayed successfully.
2025-02-02 23:06:08,823 - __main__ - WARNING - No reservations found in database.
2025-02-02 23:07:04,877 - __main__ - INFO - Admin exited the CLI panel.
2025-02-02 23:35:44,602 - __main__ - INFO - Admin admin logged in successfully.
2025-02-02 23:37:10,854 - __main__ - WARNING - No reservations found in database.
2025-02-02 23:38:00,581 - __main__ - INFO - Admin exited the CLI panel.
2025-02-03 00:14:33,521 - __main__ - INFO - Admin admin logged in successfully.
2025-02-03 01:23:47,649 - __main__ - INFO - User registered: Drake
2025-02-03 01:24:04,229 - __main__ - INFO - User Drake logged in successfully.
2025-02-03 01:24:36,590 - __main__ - INFO - Admin admin logged in successfully.
2025-02-03 01:24:52,410 - __main__ - INFO - Admin exited the CLI panel.
2025-02-03 01:25:05,402 - __main__ - WARNING - Failed login attempt for username: Fred.
2025-02-03 01:25:37,292 - __main__ - INFO - User registered: Fred
2025-02-03 01:25:51,640 - __main__ - WARNING - Failed login attempt for username: Fred.
2025-02-03 01:26:09,737 - __main__ - WARNING - Failed login attempt for username: Fred.
2025-02-03 01:26:26,960 - __main__ - INFO - Admin admin logged in successfully.
2025-02-03 01:27:17,620 - __main__ - INFO - Admin exited the CLI panel.
2025-02-03 01:27:45,130 - __main__ - WARNING - Failed login attempt for username: Fred.
2025-02-03 01:29:08,817 - __main__ - WARNING - Failed login attempt for username: Alex.
2025-02-03 01:29:29,078 - __main__ - WARNING - Failed login attempt for username: edu.
2025-02-03 01:30:35,800 - __main__ - INFO - User registered: Mila
2025-02-03 01:30:53,442 - __main__ - INFO - User Mila logged in successfully.
2025-02-03 01:31:51,572 - __main__ - INFO - User Mila logged in successfully.
2025-02-03 02:17:48,778 - __main__ - INFO - Admin admin logged in successfully.
2025-02-03 02:19:02,418 - __main__ - INFO - Room added: 104, Type: suite, Price: 6500.0
2025-02-03 02:20:42,529 - __main__ - INFO - Admin admin logged in successfully.
2025-02-03 02:21:20,877 - __main__ - INFO - Room added: 403, Type: Deluxe, Price: 1000.0
2025-02-03 02:22:28,545 - __main__ - WARNING - Attempted to delete non-existing room: 3
2025-02-03 02:22:57,711 - __main__ - WARNING - Attempted to delete non-existing room: 5
2025-02-03 02:23:14,050 - __main__ - INFO - Room 303 deleted successfully from database.
2025-02-03 02:26:46,112 - __main__ - WARNING - Attempted to delete non-existing room:  9
2025-02-03 02:30:59,949 - __main__ - WARNING - Invalid menu choice entered.
2025-02-03 02:31:02,823 - __main__ - INFO - Admin exited the CLI panel.
2025-02-03 02:31:23,463 - __main__ - INFO - Admin admin logged in successfully.
2025-02-03 02:32:33,250 - __main__ - INFO - Room added: 420, Type: Suite, Price: 1000.0
2025-02-03 02:36:32,329 - __main__ - INFO - Admin exited the CLI panel.
2025-02-03 02:53:58,968 - __main__ - WARNING - Failed login attempt for username: Fred.
2025-02-03 02:53:58,969 - __main__ - WARNING - Admin access denied due to failed login.
2025-02-03 02:54:22,158 - __main__ - WARNING - Failed login attempt for username: Fred.
2025-02-03 02:54:22,158 - __main__ - WARNING - Admin access denied due to failed login.
2025-02-03 02:55:38,920 - __main__ - INFO - Admin admin logged in successfully.
2025-02-03 02:55:51,587 - __main__ - INFO - Admin exited the CLI panel.
2025-02-03 08:26:14,411 - __main__ - INFO - Admin admin logged in successfully.
2025-02-03 08:26:34,957 - __main__ - INFO - Room added: 450, Type: Deluxe, Price: 1000.0
2025-02-03 08:26:37,882 - __main__ - INFO - Rooms displayed successfully.
2025-02-03 08:26:48,409 - __main__ - INFO - Admin exited the CLI panel.
2025-02-03 08:41:00,049 - __main__ - INFO - Admin admin logged in successfully.
2025-02-03 08:41:13,437 - __main__ - INFO - Room added: 320, Type: Suite, Price: 1000.0
2025-02-03 08:41:34,113 - __main__ - INFO - Rooms displayed successfully.
2025-02-03 08:42:40,347 - __main__ - INFO - Admin exited the CLI panel.
2025-02-03 08:42:58,647 - __main__ - WARNING - Failed login attempt for username: dd.
2025-02-03 08:42:58,648 - __main__ - WARNING - Admin access denied due to failed login.
2025-02-03 08:53:52,579 - __main__ - INFO - Admin admin logged in successfully.
2025-02-03 08:53:57,953 - __main__ - INFO - Rooms displayed successfully.
2025-02-03 09:01:25,402 - __main__ - INFO - Admin exited the CLI panel.
2025-02-03 20:45:06,967 - __main__ - INFO - Admin admin logged in successfully.
2025-02-03 20:45:28,757 - __main__ - INFO - Room added: 207, Type: Deluxe, Price: 1000.0
2025-02-03 20:45:32,201 - __main__ - INFO - Rooms displayed successfully.
2025-02-03 20:45:48,236 - __main__ - INFO - Admin exited the CLI panel.
2025-02-03 20:54:05,705 - __main__ - WARNING - Failed login attempt for username: admin.
2025-02-03 20:54:05,706 - __main__ - WARNING - Admin access denied due to failed login.
2025-02-03 20:58:16,804 - __main__ - INFO - Admin admin logged in successfully.
2025-02-03 20:58:22,240 - __main__ - INFO - Rooms displayed successfully.
2025-02-03 20:58:25,413 - __main__ - INFO - Admin exited the CLI panel.
2025-02-03 21:19:13,457 - __main__ - INFO - Admin admin logged in successfully.
2025-02-03 21:19:35,155 - __main__ - INFO - Room added: 450, Type: Deluxe, Price: 1000.0
2025-02-03 21:19:51,547 - __main__ - INFO - Room added: 221, Type: Suite, Price: 1000.0
2025-02-03 21:19:58,544 - __main__ - INFO - Admin exited the CLI panel.
2025-02-03 21:37:18,596 - __main__ - INFO - Admin admin logged in successfully.
2025-02-03 21:37:22,111 - __main__ - INFO - Rooms displayed successfully.
2025-02-03 21:38:01,525 - __main__ - INFO - Room added: 112, Type: Deluxe, Price: 3000.0
2025-02-03 21:38:06,595 - __main__ - INFO - Rooms displayed successfully.
2025-02-03 21:40:13,116 - __main__ - INFO - Admin exited the CLI panel.
